<?xml version="1.0" encoding="UTF-8"?>
<robot generator="Robot 3.1.2 (Python 3.7.4 on linux)" generated="20191206 00:43:15.063" rpa="false">
<suite id="s1" name="05 Robot" source="/home/alex/IT/OTUS/Python_QA_Engineer/Opencart-Testing-Project/05_Robot">
<suite id="s1-s1" name="Test Admin Panel" source="/home/alex/IT/OTUS/Python_QA_Engineer/Opencart-Testing-Project/05_Robot/test_admin_panel.robot">
<test id="s1-s1-t1" name="Create a new product">
<kw name="Setup Test" library="admin_panel_keywords" type="setup">
<kw name="Open Browser" library="Selenium2Library">
<doc>Opens a new browser instance to the optional ``url``.</doc>
<arguments>
<arg>${URL}</arg>
<arg>${BROWSER}</arg>
</arguments>
<msg timestamp="20191206 00:43:15.196" level="INFO">Opening browser 'Chrome' to base url 'http://localhost/opencart/admin'.</msg>
<status status="PASS" starttime="20191206 00:43:15.196" endtime="20191206 00:43:28.223"></status>
</kw>
<kw name="Maximize Browser Window" library="Selenium2Library">
<doc>Maximizes current browser window.</doc>
<status status="PASS" starttime="20191206 00:43:28.224" endtime="20191206 00:43:28.333"></status>
</kw>
<kw name="Set Selenium Timeout" library="Selenium2Library">
<doc>Sets the timeout that is used by various keywords.</doc>
<arguments>
<arg>10 seconds</arg>
</arguments>
<status status="PASS" starttime="20191206 00:43:28.333" endtime="20191206 00:43:28.337"></status>
</kw>
<status status="PASS" starttime="20191206 00:43:15.196" endtime="20191206 00:43:28.337"></status>
</kw>
<kw name="Login as Admin" library="admin_panel_keywords">
<kw name="Input Text" library="Selenium2Library">
<doc>Types the given ``text`` into the text field identified by ``locator``.</doc>
<arguments>
<arg>id:input-username</arg>
<arg>${USERNAME}</arg>
</arguments>
<msg timestamp="20191206 00:43:28.340" level="INFO">Typing text 'Realdeal87' into text field 'id:input-username'.</msg>
<status status="PASS" starttime="20191206 00:43:28.339" endtime="20191206 00:43:28.567"></status>
</kw>
<kw name="Input Text" library="Selenium2Library">
<doc>Types the given ``text`` into the text field identified by ``locator``.</doc>
<arguments>
<arg>id:input-password</arg>
<arg>${PASSWORD}</arg>
</arguments>
<msg timestamp="20191206 00:43:28.568" level="INFO">Typing text 'K1x9Z5b8!' into text field 'id:input-password'.</msg>
<status status="PASS" starttime="20191206 00:43:28.568" endtime="20191206 00:43:28.733"></status>
</kw>
<kw name="Click Button" library="Selenium2Library">
<doc>Clicks the button identified by ``locator``.</doc>
<arguments>
<arg>Login</arg>
</arguments>
<msg timestamp="20191206 00:43:28.734" level="INFO">Clicking button 'Login'.</msg>
<status status="PASS" starttime="20191206 00:43:28.734" endtime="20191206 00:43:29.302"></status>
</kw>
<status status="PASS" starttime="20191206 00:43:28.338" endtime="20191206 00:43:29.303"></status>
</kw>
<kw name="Go to Products" library="admin_panel_keywords">
<kw name="Click Link" library="Selenium2Library">
<doc>Clicks a link identified by ``locator``.</doc>
<arguments>
<arg>Catalog</arg>
</arguments>
<msg timestamp="20191206 00:43:29.307" level="INFO">Clicking link 'Catalog'.</msg>
<status status="PASS" starttime="20191206 00:43:29.307" endtime="20191206 00:43:29.587"></status>
</kw>
<kw name="Click Link" library="Selenium2Library">
<doc>Clicks a link identified by ``locator``.</doc>
<arguments>
<arg>Products</arg>
</arguments>
<msg timestamp="20191206 00:43:29.587" level="INFO">Clicking link 'Products'.</msg>
<status status="PASS" starttime="20191206 00:43:29.587" endtime="20191206 00:43:29.978"></status>
</kw>
<status status="PASS" starttime="20191206 00:43:29.304" endtime="20191206 00:43:29.978"></status>
</kw>
<kw name="Add a new product with required fields" library="admin_panel_keywords">
<arguments>
<arg>@{FIELDS}</arg>
</arguments>
<kw name="Click Link" library="Selenium2Library">
<doc>Clicks a link identified by ``locator``.</doc>
<arguments>
<arg>xpath://a[@data-original-title='Add New']</arg>
</arguments>
<msg timestamp="20191206 00:43:29.979" level="INFO">Clicking link 'xpath://a[@data-original-title='Add New']'.</msg>
<status status="PASS" starttime="20191206 00:43:29.979" endtime="20191206 00:43:30.651"></status>
</kw>
<kw name="Input Text" library="Selenium2Library">
<doc>Types the given ``text`` into the text field identified by ``locator``.</doc>
<arguments>
<arg>id:input-name1</arg>
<arg>@{FIELDS}[0]</arg>
</arguments>
<msg timestamp="20191206 00:43:30.652" level="INFO">Typing text 'Robot' into text field 'id:input-name1'.</msg>
<status status="PASS" starttime="20191206 00:43:30.651" endtime="20191206 00:43:30.904"></status>
</kw>
<kw name="Input Text" library="Selenium2Library">
<doc>Types the given ``text`` into the text field identified by ``locator``.</doc>
<arguments>
<arg>id:input-meta-title1</arg>
<arg>@{FIELDS}[1]</arg>
</arguments>
<msg timestamp="20191206 00:43:30.905" level="INFO">Typing text 'Framework' into text field 'id:input-meta-title1'.</msg>
<status status="PASS" starttime="20191206 00:43:30.904" endtime="20191206 00:43:31.146"></status>
</kw>
<kw name="Click Link" library="Selenium2Library">
<doc>Clicks a link identified by ``locator``.</doc>
<arguments>
<arg>link:Data</arg>
</arguments>
<msg timestamp="20191206 00:43:31.147" level="INFO">Clicking link 'link:Data'.</msg>
<status status="PASS" starttime="20191206 00:43:31.147" endtime="20191206 00:43:31.300"></status>
</kw>
<kw name="Input Text" library="Selenium2Library">
<doc>Types the given ``text`` into the text field identified by ``locator``.</doc>
<arguments>
<arg>id:input-model</arg>
<arg>@{FIELDS}[2]</arg>
</arguments>
<msg timestamp="20191206 00:43:31.301" level="INFO">Typing text 'BDD' into text field 'id:input-model'.</msg>
<status status="PASS" starttime="20191206 00:43:31.301" endtime="20191206 00:43:31.454"></status>
</kw>
<status status="PASS" starttime="20191206 00:43:29.978" endtime="20191206 00:43:31.455"></status>
</kw>
<kw name="Save changes" library="admin_panel_keywords">
<kw name="Click Button" library="Selenium2Library">
<doc>Clicks the button identified by ``locator``.</doc>
<arguments>
<arg>xpath://button[@data-original-title='Save']</arg>
</arguments>
<msg timestamp="20191206 00:43:31.456" level="INFO">Clicking button 'xpath://button[@data-original-title='Save']'.</msg>
<status status="PASS" starttime="20191206 00:43:31.455" endtime="20191206 00:43:31.840"></status>
</kw>
<status status="PASS" starttime="20191206 00:43:31.455" endtime="20191206 00:43:31.840"></status>
</kw>
<kw name="Waiting for alert success" library="admin_panel_keywords">
<kw name="Wait Until Page Contains" library="Selenium2Library">
<doc>Waits until ``text`` appears on the current page.</doc>
<arguments>
<arg>Success</arg>
</arguments>
<status status="PASS" starttime="20191206 00:43:31.841" endtime="20191206 00:43:31.863"></status>
</kw>
<status status="PASS" starttime="20191206 00:43:31.840" endtime="20191206 00:43:31.864"></status>
</kw>
<kw name="Teardown Test" library="admin_panel_keywords" type="teardown">
<kw name="Close Browser" library="Selenium2Library">
<doc>Closes the current browser.</doc>
<status status="PASS" starttime="20191206 00:43:31.865" endtime="20191206 00:43:31.932"></status>
</kw>
<status status="PASS" starttime="20191206 00:43:31.864" endtime="20191206 00:43:31.932"></status>
</kw>
<status status="PASS" starttime="20191206 00:43:15.195" endtime="20191206 00:43:31.932" critical="yes"></status>
</test>
<test id="s1-s1-t2" name="Edit a product">
<kw name="Setup Test" library="admin_panel_keywords" type="setup">
<kw name="Open Browser" library="Selenium2Library">
<doc>Opens a new browser instance to the optional ``url``.</doc>
<arguments>
<arg>${URL}</arg>
<arg>${BROWSER}</arg>
</arguments>
<msg timestamp="20191206 00:43:31.940" level="INFO">Opening browser 'Chrome' to base url 'http://localhost/opencart/admin'.</msg>
<status status="PASS" starttime="20191206 00:43:31.939" endtime="20191206 00:43:35.033"></status>
</kw>
<kw name="Maximize Browser Window" library="Selenium2Library">
<doc>Maximizes current browser window.</doc>
<status status="PASS" starttime="20191206 00:43:35.033" endtime="20191206 00:43:35.144"></status>
</kw>
<kw name="Set Selenium Timeout" library="Selenium2Library">
<doc>Sets the timeout that is used by various keywords.</doc>
<arguments>
<arg>10 seconds</arg>
</arguments>
<status status="PASS" starttime="20191206 00:43:35.145" endtime="20191206 00:43:35.153"></status>
</kw>
<status status="PASS" starttime="20191206 00:43:31.937" endtime="20191206 00:43:35.154"></status>
</kw>
<kw name="Login as Admin" library="admin_panel_keywords">
<kw name="Input Text" library="Selenium2Library">
<doc>Types the given ``text`` into the text field identified by ``locator``.</doc>
<arguments>
<arg>id:input-username</arg>
<arg>${USERNAME}</arg>
</arguments>
<msg timestamp="20191206 00:43:35.157" level="INFO">Typing text 'Realdeal87' into text field 'id:input-username'.</msg>
<status status="PASS" starttime="20191206 00:43:35.156" endtime="20191206 00:43:35.316"></status>
</kw>
<kw name="Input Text" library="Selenium2Library">
<doc>Types the given ``text`` into the text field identified by ``locator``.</doc>
<arguments>
<arg>id:input-password</arg>
<arg>${PASSWORD}</arg>
</arguments>
<msg timestamp="20191206 00:43:35.317" level="INFO">Typing text 'K1x9Z5b8!' into text field 'id:input-password'.</msg>
<status status="PASS" starttime="20191206 00:43:35.317" endtime="20191206 00:43:35.463"></status>
</kw>
<kw name="Click Button" library="Selenium2Library">
<doc>Clicks the button identified by ``locator``.</doc>
<arguments>
<arg>Login</arg>
</arguments>
<msg timestamp="20191206 00:43:35.463" level="INFO">Clicking button 'Login'.</msg>
<status status="PASS" starttime="20191206 00:43:35.463" endtime="20191206 00:43:36.003"></status>
</kw>
<status status="PASS" starttime="20191206 00:43:35.155" endtime="20191206 00:43:36.003"></status>
</kw>
<kw name="Go to Products" library="admin_panel_keywords">
<kw name="Click Link" library="Selenium2Library">
<doc>Clicks a link identified by ``locator``.</doc>
<arguments>
<arg>Catalog</arg>
</arguments>
<msg timestamp="20191206 00:43:36.005" level="INFO">Clicking link 'Catalog'.</msg>
<status status="PASS" starttime="20191206 00:43:36.004" endtime="20191206 00:43:36.232"></status>
</kw>
<kw name="Click Link" library="Selenium2Library">
<doc>Clicks a link identified by ``locator``.</doc>
<arguments>
<arg>Products</arg>
</arguments>
<msg timestamp="20191206 00:43:36.232" level="INFO">Clicking link 'Products'.</msg>
<status status="PASS" starttime="20191206 00:43:36.232" endtime="20191206 00:43:36.645"></status>
</kw>
<status status="PASS" starttime="20191206 00:43:36.004" endtime="20191206 00:43:36.646"></status>
</kw>
<kw name="Edit a product number" library="admin_panel_keywords">
<arguments>
<arg>5</arg>
</arguments>
<kw name="Evaluate" library="BuiltIn">
<doc>Evaluates the given expression in Python and returns the results.</doc>
<arguments>
<arg>${NUMBER} - 1</arg>
</arguments>
<assign>
<var>${NUMBER}</var>
</assign>
<msg timestamp="20191206 00:43:36.647" level="INFO">${NUMBER} = 4</msg>
<status status="PASS" starttime="20191206 00:43:36.647" endtime="20191206 00:43:36.647"></status>
</kw>
<kw name="Get WebElements" library="Selenium2Library">
<doc>Returns a list of WebElement objects matching the ``locator``.</doc>
<arguments>
<arg>xpath://a[@data-original-title='Edit']</arg>
</arguments>
<assign>
<var>@{ELEMENTS}</var>
</assign>
<msg timestamp="20191206 00:43:36.670" level="INFO">@{ELEMENTS} = [ &lt;selenium.webdriver.remote.webelement.WebElement (session="5bc6165d3130024e7445067f4fd56d00", element="0.48298836622927155-1")&gt; | &lt;selenium.webdriver.remote.webelement.WebElement (session="5bc6165d3...</msg>
<status status="PASS" starttime="20191206 00:43:36.647" endtime="20191206 00:43:36.670"></status>
</kw>
<kw name="Click Link" library="Selenium2Library">
<doc>Clicks a link identified by ``locator``.</doc>
<arguments>
<arg>@{ELEMENTS}[${NUMBER}]</arg>
</arguments>
<msg timestamp="20191206 00:43:36.670" level="INFO">Clicking link '&lt;selenium.webdriver.remote.webelement.WebElement (session="5bc6165d3130024e7445067f4fd56d00", element="0.48298836622927155-5")&gt;'.</msg>
<status status="PASS" starttime="20191206 00:43:36.670" endtime="20191206 00:43:37.315"></status>
</kw>
<status status="PASS" starttime="20191206 00:43:36.646" endtime="20191206 00:43:37.315"></status>
</kw>
<kw name="Add description" library="admin_panel_keywords">
<arguments>
<arg>${DESCRIPTION}</arg>
</arguments>
<kw name="Input Text" library="Selenium2Library">
<doc>Types the given ``text`` into the text field identified by ``locator``.</doc>
<arguments>
<arg>class:note-editable</arg>
<arg>${DESCRIPTION}</arg>
</arguments>
<msg timestamp="20191206 00:43:37.317" level="INFO">Typing text 'Just a description!' into text field 'class:note-editable'.</msg>
<status status="PASS" starttime="20191206 00:43:37.317" endtime="20191206 00:43:37.647"></status>
</kw>
<status status="PASS" starttime="20191206 00:43:37.316" endtime="20191206 00:43:37.647"></status>
</kw>
<kw name="Save changes" library="admin_panel_keywords">
<kw name="Click Button" library="Selenium2Library">
<doc>Clicks the button identified by ``locator``.</doc>
<arguments>
<arg>xpath://button[@data-original-title='Save']</arg>
</arguments>
<msg timestamp="20191206 00:43:37.649" level="INFO">Clicking button 'xpath://button[@data-original-title='Save']'.</msg>
<status status="PASS" starttime="20191206 00:43:37.648" endtime="20191206 00:43:38.108"></status>
</kw>
<status status="PASS" starttime="20191206 00:43:37.648" endtime="20191206 00:43:38.108"></status>
</kw>
<kw name="Waiting for alert success" library="admin_panel_keywords">
<kw name="Wait Until Page Contains" library="Selenium2Library">
<doc>Waits until ``text`` appears on the current page.</doc>
<arguments>
<arg>Success</arg>
</arguments>
<status status="PASS" starttime="20191206 00:43:38.110" endtime="20191206 00:43:38.134"></status>
</kw>
<status status="PASS" starttime="20191206 00:43:38.109" endtime="20191206 00:43:38.134"></status>
</kw>
<kw name="Teardown Test" library="admin_panel_keywords" type="teardown">
<kw name="Close Browser" library="Selenium2Library">
<doc>Closes the current browser.</doc>
<status status="PASS" starttime="20191206 00:43:38.135" endtime="20191206 00:43:38.196"></status>
</kw>
<status status="PASS" starttime="20191206 00:43:38.134" endtime="20191206 00:43:38.197"></status>
</kw>
<status status="PASS" starttime="20191206 00:43:31.934" endtime="20191206 00:43:38.197" critical="yes"></status>
</test>
<test id="s1-s1-t3" name="Delete a product">
<kw name="Setup Test" library="admin_panel_keywords" type="setup">
<kw name="Open Browser" library="Selenium2Library">
<doc>Opens a new browser instance to the optional ``url``.</doc>
<arguments>
<arg>${URL}</arg>
<arg>${BROWSER}</arg>
</arguments>
<msg timestamp="20191206 00:43:38.205" level="INFO">Opening browser 'Chrome' to base url 'http://localhost/opencart/admin'.</msg>
<status status="PASS" starttime="20191206 00:43:38.203" endtime="20191206 00:43:41.255"></status>
</kw>
<kw name="Maximize Browser Window" library="Selenium2Library">
<doc>Maximizes current browser window.</doc>
<status status="PASS" starttime="20191206 00:43:41.256" endtime="20191206 00:43:41.369"></status>
</kw>
<kw name="Set Selenium Timeout" library="Selenium2Library">
<doc>Sets the timeout that is used by various keywords.</doc>
<arguments>
<arg>10 seconds</arg>
</arguments>
<status status="PASS" starttime="20191206 00:43:41.370" endtime="20191206 00:43:41.373"></status>
</kw>
<status status="PASS" starttime="20191206 00:43:38.202" endtime="20191206 00:43:41.373"></status>
</kw>
<kw name="Login as Admin" library="admin_panel_keywords">
<kw name="Input Text" library="Selenium2Library">
<doc>Types the given ``text`` into the text field identified by ``locator``.</doc>
<arguments>
<arg>id:input-username</arg>
<arg>${USERNAME}</arg>
</arguments>
<msg timestamp="20191206 00:43:41.374" level="INFO">Typing text 'Realdeal87' into text field 'id:input-username'.</msg>
<status status="PASS" starttime="20191206 00:43:41.374" endtime="20191206 00:43:41.532"></status>
</kw>
<kw name="Input Text" library="Selenium2Library">
<doc>Types the given ``text`` into the text field identified by ``locator``.</doc>
<arguments>
<arg>id:input-password</arg>
<arg>${PASSWORD}</arg>
</arguments>
<msg timestamp="20191206 00:43:41.533" level="INFO">Typing text 'K1x9Z5b8!' into text field 'id:input-password'.</msg>
<status status="PASS" starttime="20191206 00:43:41.532" endtime="20191206 00:43:41.682"></status>
</kw>
<kw name="Click Button" library="Selenium2Library">
<doc>Clicks the button identified by ``locator``.</doc>
<arguments>
<arg>Login</arg>
</arguments>
<msg timestamp="20191206 00:43:41.682" level="INFO">Clicking button 'Login'.</msg>
<status status="PASS" starttime="20191206 00:43:41.682" endtime="20191206 00:43:42.328"></status>
</kw>
<status status="PASS" starttime="20191206 00:43:41.373" endtime="20191206 00:43:42.328"></status>
</kw>
<kw name="Go to Products" library="admin_panel_keywords">
<kw name="Click Link" library="Selenium2Library">
<doc>Clicks a link identified by ``locator``.</doc>
<arguments>
<arg>Catalog</arg>
</arguments>
<msg timestamp="20191206 00:43:42.329" level="INFO">Clicking link 'Catalog'.</msg>
<status status="PASS" starttime="20191206 00:43:42.329" endtime="20191206 00:43:42.538"></status>
</kw>
<kw name="Click Link" library="Selenium2Library">
<doc>Clicks a link identified by ``locator``.</doc>
<arguments>
<arg>Products</arg>
</arguments>
<msg timestamp="20191206 00:43:42.538" level="INFO">Clicking link 'Products'.</msg>
<status status="PASS" starttime="20191206 00:43:42.538" endtime="20191206 00:43:42.926"></status>
</kw>
<status status="PASS" starttime="20191206 00:43:42.329" endtime="20191206 00:43:42.926"></status>
</kw>
<kw name="Select a product number" library="admin_panel_keywords">
<arguments>
<arg>3</arg>
</arguments>
<kw name="Evaluate" library="BuiltIn">
<doc>Evaluates the given expression in Python and returns the results.</doc>
<arguments>
<arg>${NUMBER} - 1</arg>
</arguments>
<assign>
<var>${NUMBER}</var>
</assign>
<msg timestamp="20191206 00:43:42.928" level="INFO">${NUMBER} = 2</msg>
<status status="PASS" starttime="20191206 00:43:42.927" endtime="20191206 00:43:42.928"></status>
</kw>
<kw name="Get WebElements" library="Selenium2Library">
<doc>Returns a list of WebElement objects matching the ``locator``.</doc>
<arguments>
<arg>xpath://input[@name='selected[]']</arg>
</arguments>
<assign>
<var>@{ELEMENTS}</var>
</assign>
<msg timestamp="20191206 00:43:42.952" level="INFO">@{ELEMENTS} = [ &lt;selenium.webdriver.remote.webelement.WebElement (session="4b691c6bb7e581111daa608f86379464", element="0.7270434196672833-1")&gt; | &lt;selenium.webdriver.remote.webelement.WebElement (session="4b691c6bb7...</msg>
<status status="PASS" starttime="20191206 00:43:42.928" endtime="20191206 00:43:42.952"></status>
</kw>
<kw name="Select Checkbox" library="Selenium2Library">
<doc>Selects the checkbox identified by ``locator``.</doc>
<arguments>
<arg>@{ELEMENTS}[${NUMBER}]</arg>
</arguments>
<msg timestamp="20191206 00:43:42.953" level="INFO">Selecting checkbox '&lt;selenium.webdriver.remote.webelement.WebElement (session="4b691c6bb7e581111daa608f86379464", element="0.7270434196672833-3")&gt;'.</msg>
<status status="PASS" starttime="20191206 00:43:42.953" endtime="20191206 00:43:43.035"></status>
</kw>
<status status="PASS" starttime="20191206 00:43:42.927" endtime="20191206 00:43:43.035"></status>
</kw>
<kw name="Delete a product" library="admin_panel_keywords">
<kw name="Click Button" library="Selenium2Library">
<doc>Clicks the button identified by ``locator``.</doc>
<arguments>
<arg>xpath://button[@data-original-title='Delete']</arg>
</arguments>
<msg timestamp="20191206 00:43:43.036" level="INFO">Clicking button 'xpath://button[@data-original-title='Delete']'.</msg>
<status status="PASS" starttime="20191206 00:43:43.036" endtime="20191206 00:43:43.166"></status>
</kw>
<status status="PASS" starttime="20191206 00:43:43.035" endtime="20191206 00:43:43.166"></status>
</kw>
<kw name="Confirm action" library="admin_panel_keywords">
<kw name="Handle Alert" library="Selenium2Library">
<doc>Handles the current alert and returns its message.</doc>
<status status="PASS" starttime="20191206 00:43:43.166" endtime="20191206 00:43:43.212"></status>
</kw>
<status status="PASS" starttime="20191206 00:43:43.166" endtime="20191206 00:43:43.212"></status>
</kw>
<kw name="Waiting for alert success" library="admin_panel_keywords">
<kw name="Wait Until Page Contains" library="Selenium2Library">
<doc>Waits until ``text`` appears on the current page.</doc>
<arguments>
<arg>Success</arg>
</arguments>
<status status="PASS" starttime="20191206 00:43:43.215" endtime="20191206 00:43:43.530"></status>
</kw>
<status status="PASS" starttime="20191206 00:43:43.213" endtime="20191206 00:43:43.530"></status>
</kw>
<kw name="Teardown Test" library="admin_panel_keywords" type="teardown">
<kw name="Close Browser" library="Selenium2Library">
<doc>Closes the current browser.</doc>
<status status="PASS" starttime="20191206 00:43:43.531" endtime="20191206 00:43:43.600"></status>
</kw>
<status status="PASS" starttime="20191206 00:43:43.531" endtime="20191206 00:43:43.600"></status>
</kw>
<status status="PASS" starttime="20191206 00:43:38.200" endtime="20191206 00:43:43.600" critical="yes"></status>
</test>
<test id="s1-s1-t4" name="Copy a product">
<kw name="Setup Test" library="admin_panel_keywords" type="setup">
<kw name="Open Browser" library="Selenium2Library">
<doc>Opens a new browser instance to the optional ``url``.</doc>
<arguments>
<arg>${URL}</arg>
<arg>${BROWSER}</arg>
</arguments>
<msg timestamp="20191206 00:43:43.606" level="INFO">Opening browser 'Chrome' to base url 'http://localhost/opencart/admin'.</msg>
<status status="PASS" starttime="20191206 00:43:43.605" endtime="20191206 00:43:46.454"></status>
</kw>
<kw name="Maximize Browser Window" library="Selenium2Library">
<doc>Maximizes current browser window.</doc>
<status status="PASS" starttime="20191206 00:43:46.454" endtime="20191206 00:43:46.561"></status>
</kw>
<kw name="Set Selenium Timeout" library="Selenium2Library">
<doc>Sets the timeout that is used by various keywords.</doc>
<arguments>
<arg>10 seconds</arg>
</arguments>
<status status="PASS" starttime="20191206 00:43:46.562" endtime="20191206 00:43:46.563"></status>
</kw>
<status status="PASS" starttime="20191206 00:43:43.603" endtime="20191206 00:43:46.564"></status>
</kw>
<kw name="Login as Admin" library="admin_panel_keywords">
<kw name="Input Text" library="Selenium2Library">
<doc>Types the given ``text`` into the text field identified by ``locator``.</doc>
<arguments>
<arg>id:input-username</arg>
<arg>${USERNAME}</arg>
</arguments>
<msg timestamp="20191206 00:43:46.565" level="INFO">Typing text 'Realdeal87' into text field 'id:input-username'.</msg>
<status status="PASS" starttime="20191206 00:43:46.564" endtime="20191206 00:43:46.720"></status>
</kw>
<kw name="Input Text" library="Selenium2Library">
<doc>Types the given ``text`` into the text field identified by ``locator``.</doc>
<arguments>
<arg>id:input-password</arg>
<arg>${PASSWORD}</arg>
</arguments>
<msg timestamp="20191206 00:43:46.721" level="INFO">Typing text 'K1x9Z5b8!' into text field 'id:input-password'.</msg>
<status status="PASS" starttime="20191206 00:43:46.720" endtime="20191206 00:43:46.881"></status>
</kw>
<kw name="Click Button" library="Selenium2Library">
<doc>Clicks the button identified by ``locator``.</doc>
<arguments>
<arg>Login</arg>
</arguments>
<msg timestamp="20191206 00:43:46.882" level="INFO">Clicking button 'Login'.</msg>
<status status="PASS" starttime="20191206 00:43:46.881" endtime="20191206 00:43:47.378"></status>
</kw>
<status status="PASS" starttime="20191206 00:43:46.564" endtime="20191206 00:43:47.378"></status>
</kw>
<kw name="Go to Products" library="admin_panel_keywords">
<kw name="Click Link" library="Selenium2Library">
<doc>Clicks a link identified by ``locator``.</doc>
<arguments>
<arg>Catalog</arg>
</arguments>
<msg timestamp="20191206 00:43:47.379" level="INFO">Clicking link 'Catalog'.</msg>
<status status="PASS" starttime="20191206 00:43:47.378" endtime="20191206 00:43:47.599"></status>
</kw>
<kw name="Click Link" library="Selenium2Library">
<doc>Clicks a link identified by ``locator``.</doc>
<arguments>
<arg>Products</arg>
</arguments>
<msg timestamp="20191206 00:43:47.599" level="INFO">Clicking link 'Products'.</msg>
<status status="PASS" starttime="20191206 00:43:47.599" endtime="20191206 00:43:47.967"></status>
</kw>
<status status="PASS" starttime="20191206 00:43:47.378" endtime="20191206 00:43:47.969"></status>
</kw>
<kw name="Select a product number" library="admin_panel_keywords">
<arguments>
<arg>2</arg>
</arguments>
<kw name="Evaluate" library="BuiltIn">
<doc>Evaluates the given expression in Python and returns the results.</doc>
<arguments>
<arg>${NUMBER} - 1</arg>
</arguments>
<assign>
<var>${NUMBER}</var>
</assign>
<msg timestamp="20191206 00:43:47.970" level="INFO">${NUMBER} = 1</msg>
<status status="PASS" starttime="20191206 00:43:47.970" endtime="20191206 00:43:47.970"></status>
</kw>
<kw name="Get WebElements" library="Selenium2Library">
<doc>Returns a list of WebElement objects matching the ``locator``.</doc>
<arguments>
<arg>xpath://input[@name='selected[]']</arg>
</arguments>
<assign>
<var>@{ELEMENTS}</var>
</assign>
<msg timestamp="20191206 00:43:47.992" level="INFO">@{ELEMENTS} = [ &lt;selenium.webdriver.remote.webelement.WebElement (session="36f074bc23250c51f09ef41b6b3eb64a", element="0.38165309820000437-1")&gt; | &lt;selenium.webdriver.remote.webelement.WebElement (session="36f074bc2...</msg>
<status status="PASS" starttime="20191206 00:43:47.970" endtime="20191206 00:43:47.992"></status>
</kw>
<kw name="Select Checkbox" library="Selenium2Library">
<doc>Selects the checkbox identified by ``locator``.</doc>
<arguments>
<arg>@{ELEMENTS}[${NUMBER}]</arg>
</arguments>
<msg timestamp="20191206 00:43:47.993" level="INFO">Selecting checkbox '&lt;selenium.webdriver.remote.webelement.WebElement (session="36f074bc23250c51f09ef41b6b3eb64a", element="0.38165309820000437-2")&gt;'.</msg>
<status status="PASS" starttime="20191206 00:43:47.992" endtime="20191206 00:43:48.081"></status>
</kw>
<status status="PASS" starttime="20191206 00:43:47.969" endtime="20191206 00:43:48.082"></status>
</kw>
<kw name="Copy a product" library="admin_panel_keywords">
<kw name="Click Button" library="Selenium2Library">
<doc>Clicks the button identified by ``locator``.</doc>
<arguments>
<arg>xpath://button[@data-original-title='Copy']</arg>
</arguments>
<msg timestamp="20191206 00:43:48.083" level="INFO">Clicking button 'xpath://button[@data-original-title='Copy']'.</msg>
<status status="PASS" starttime="20191206 00:43:48.083" endtime="20191206 00:43:48.520"></status>
</kw>
<status status="PASS" starttime="20191206 00:43:48.082" endtime="20191206 00:43:48.520"></status>
</kw>
<kw name="Waiting for alert success" library="admin_panel_keywords">
<kw name="Wait Until Page Contains" library="Selenium2Library">
<doc>Waits until ``text`` appears on the current page.</doc>
<arguments>
<arg>Success</arg>
</arguments>
<status status="PASS" starttime="20191206 00:43:48.521" endtime="20191206 00:43:48.548"></status>
</kw>
<status status="PASS" starttime="20191206 00:43:48.521" endtime="20191206 00:43:48.548"></status>
</kw>
<kw name="Teardown Test" library="admin_panel_keywords" type="teardown">
<kw name="Close Browser" library="Selenium2Library">
<doc>Closes the current browser.</doc>
<status status="PASS" starttime="20191206 00:43:48.549" endtime="20191206 00:43:48.616"></status>
</kw>
<status status="PASS" starttime="20191206 00:43:48.549" endtime="20191206 00:43:48.616"></status>
</kw>
<status status="PASS" starttime="20191206 00:43:43.602" endtime="20191206 00:43:48.616" critical="yes"></status>
</test>
<doc>Тесты для панели администратора на Robotframework</doc>
<status status="PASS" starttime="20191206 00:43:15.089" endtime="20191206 00:43:48.620"></status>
</suite>
<status status="PASS" starttime="20191206 00:43:15.064" endtime="20191206 00:43:48.628"></status>
</suite>
<statistics>
<total>
<stat pass="4" fail="0">Critical Tests</stat>
<stat pass="4" fail="0">All Tests</stat>
</total>
<tag>
</tag>
<suite>
<stat pass="4" fail="0" id="s1" name="05 Robot">05 Robot</stat>
<stat pass="4" fail="0" id="s1-s1" name="Test Admin Panel">05 Robot.Test Admin Panel</stat>
</suite>
</statistics>
<errors>
</errors>
</robot>
