<?xml version="1.0" encoding="UTF-8"?>
<robot generator="Robot 3.1.2 (Python 3.7.4 on linux)" generated="20191209 00:20:00.188" rpa="false">
<suite id="s1" name="Test User Part" source="/home/alex/IT/OTUS/Python_QA_Engineer/Opencart-Testing-Project/05_Robot/test_user_part.robot">
<test id="s1-t1" name="Search product by text, add found product to wishlist by number">
<kw name="Open Web Browser" library="UserPart" type="setup">
<doc>Кейворд для отрытия браузера и страницы Opencart</doc>
<status status="PASS" starttime="20191209 00:20:00.339" endtime="20191209 00:20:03.322"></status>
</kw>
<kw name="Search Product" library="UserPart">
<doc>Поиск продукта по названию</doc>
<arguments>
<arg>Canon</arg>
</arguments>
<status status="PASS" starttime="20191209 00:20:03.323" endtime="20191209 00:20:03.803"></status>
</kw>
<kw name="Add to wishlist Product number" library="UserPart">
<doc>Добавление продукта в список желаемых по порядковому номеру</doc>
<arguments>
<arg>1</arg>
</arguments>
<status status="PASS" starttime="20191209 00:20:03.803" endtime="20191209 00:20:03.918"></status>
</kw>
<kw name="Check Alert Success" library="UserPart">
<doc>Подтверждение успешного действия</doc>
<status status="PASS" starttime="20191209 00:20:03.918" endtime="20191209 00:20:04.027"></status>
</kw>
<kw name="Close Web Browser" library="UserPart" type="teardown">
<doc>Кейворд для закрытия браузера</doc>
<status status="PASS" starttime="20191209 00:20:04.027" endtime="20191209 00:20:04.098"></status>
</kw>
<status status="PASS" starttime="20191209 00:20:00.338" endtime="20191209 00:20:04.098" critical="yes"></status>
</test>
<test id="s1-t2" name="Go to catalog Monitors, add two products to compare by number">
<kw name="Open Web Browser" library="UserPart" type="setup">
<doc>Кейворд для отрытия браузера и страницы Opencart</doc>
<status status="PASS" starttime="20191209 00:20:04.100" endtime="20191209 00:20:07.050"></status>
</kw>
<kw name="Go to Monitors" library="UserPart">
<doc>Переход в каталог Мониторы</doc>
<status status="PASS" starttime="20191209 00:20:07.051" endtime="20191209 00:20:07.681"></status>
</kw>
<kw name="Add to compare Product number" library="UserPart">
<doc>Добавление продукта в список для сравнения по порядковому номеру</doc>
<arguments>
<arg>1</arg>
</arguments>
<status status="PASS" starttime="20191209 00:20:07.682" endtime="20191209 00:20:07.789"></status>
</kw>
<kw name="Check Alert Success" library="UserPart">
<doc>Подтверждение успешного действия</doc>
<status status="PASS" starttime="20191209 00:20:07.789" endtime="20191209 00:20:07.916"></status>
</kw>
<kw name="Add to compare Product number" library="UserPart">
<doc>Добавление продукта в список для сравнения по порядковому номеру</doc>
<arguments>
<arg>2</arg>
</arguments>
<status status="PASS" starttime="20191209 00:20:07.917" endtime="20191209 00:20:08.032"></status>
</kw>
<kw name="Check Alert Success" library="UserPart">
<doc>Подтверждение успешного действия</doc>
<status status="PASS" starttime="20191209 00:20:08.032" endtime="20191209 00:20:08.065"></status>
</kw>
<kw name="Close Web Browser" library="UserPart" type="teardown">
<doc>Кейворд для закрытия браузера</doc>
<status status="PASS" starttime="20191209 00:20:08.066" endtime="20191209 00:20:08.131"></status>
</kw>
<status status="PASS" starttime="20191209 00:20:04.099" endtime="20191209 00:20:08.131" critical="yes"></status>
</test>
<test id="s1-t3" name="Add product to cart defined quantity">
<kw name="Open Web Browser" library="UserPart" type="setup">
<doc>Кейворд для отрытия браузера и страницы Opencart</doc>
<status status="PASS" starttime="20191209 00:20:08.133" endtime="20191209 00:20:11.036"></status>
</kw>
<kw name="Choose Product" library="UserPart">
<doc>Выбор карточки продукта</doc>
<arguments>
<arg>iPhone</arg>
</arguments>
<status status="PASS" starttime="20191209 00:20:11.037" endtime="20191209 00:20:12.630"></status>
</kw>
<kw name="Add product to cart quantity" library="UserPart">
<doc>Добавление заданного количества продукта в корзину</doc>
<arguments>
<arg>5</arg>
</arguments>
<status status="PASS" starttime="20191209 00:20:12.630" endtime="20191209 00:20:12.879"></status>
</kw>
<kw name="Check Alert Success" library="UserPart">
<doc>Подтверждение успешного действия</doc>
<status status="PASS" starttime="20191209 00:20:12.880" endtime="20191209 00:20:13.188"></status>
</kw>
<kw name="Close Web Browser" library="UserPart" type="teardown">
<doc>Кейворд для закрытия браузера</doc>
<status status="PASS" starttime="20191209 00:20:13.188" endtime="20191209 00:20:13.254"></status>
</kw>
<status status="PASS" starttime="20191209 00:20:08.132" endtime="20191209 00:20:13.255" critical="yes"></status>
</test>
<test id="s1-t4" name="List product images by quantity, add product to cart defined quantity">
<kw name="Open Web Browser" library="UserPart" type="setup">
<doc>Кейворд для отрытия браузера и страницы Opencart</doc>
<status status="PASS" starttime="20191209 00:20:13.257" endtime="20191209 00:20:16.341"></status>
</kw>
<kw name="Choose Product" library="UserPart">
<doc>Выбор карточки продукта</doc>
<arguments>
<arg>MacBook</arg>
</arguments>
<status status="PASS" starttime="20191209 00:20:16.341" endtime="20191209 00:20:17.853"></status>
</kw>
<kw name="List images quantity" library="UserPart">
<doc>Просмотр заданного количества изображений продукта</doc>
<arguments>
<arg>3</arg>
</arguments>
<status status="PASS" starttime="20191209 00:20:17.853" endtime="20191209 00:20:18.420"></status>
</kw>
<kw name="Add product to cart quantity" library="UserPart">
<doc>Добавление заданного количества продукта в корзину</doc>
<arguments>
<arg>3</arg>
</arguments>
<status status="PASS" starttime="20191209 00:20:18.420" endtime="20191209 00:20:18.642"></status>
</kw>
<kw name="Check Alert Success" library="UserPart">
<doc>Подтверждение успешного действия</doc>
<status status="PASS" starttime="20191209 00:20:18.642" endtime="20191209 00:20:18.820"></status>
</kw>
<kw name="Close Web Browser" library="UserPart" type="teardown">
<doc>Кейворд для закрытия браузера</doc>
<status status="PASS" starttime="20191209 00:20:18.820" endtime="20191209 00:20:18.892"></status>
</kw>
<status status="PASS" starttime="20191209 00:20:13.256" endtime="20191209 00:20:18.892" critical="yes"></status>
</test>
<doc>Тесты для пользовательской части на Robotframework</doc>
<status status="PASS" starttime="20191209 00:20:00.189" endtime="20191209 00:20:18.895"></status>
</suite>
<statistics>
<total>
<stat pass="4" fail="0">Critical Tests</stat>
<stat pass="4" fail="0">All Tests</stat>
</total>
<tag>
</tag>
<suite>
<stat pass="4" fail="0" id="s1" name="Test User Part">Test User Part</stat>
</suite>
</statistics>
<errors>
</errors>
</robot>
