<?xml version="1.0" encoding="UTF-8"?>
<robot generator="Robot 3.1.2 (Python 3.7.4 on linux)" generated="20191206 01:00:04.101" rpa="false">
<suite id="s1" name="Test Admin Panel" source="/home/alex/IT/OTUS/Python_QA_Engineer/Opencart-Testing-Project/05_Robot/test_admin_panel.robot">
<test id="s1-t1" name="Create a new product">
<kw name="Setup Test" library="admin_panel_keywords" type="setup">
<kw name="Open Browser" library="Selenium2Library">
<doc>Opens a new browser instance to the optional ``url``.</doc>
<arguments>
<arg>${URL}</arg>
<arg>${BROWSER}</arg>
</arguments>
<msg timestamp="20191206 01:00:04.233" level="INFO">Opening browser 'Firefox' to base url 'http://localhost/opencart/admin'.</msg>
<msg timestamp="20191206 01:00:04.233" level="INFO">Firefox driver log is always forced to to: /home/alex/IT/OTUS/Python_QA_Engineer/Opencart-Testing-Project/05_Robot/geckodriver-1.log</msg>
<status status="PASS" starttime="20191206 01:00:04.232" endtime="20191206 01:00:08.854"></status>
</kw>
<kw name="Maximize Browser Window" library="Selenium2Library">
<doc>Maximizes current browser window.</doc>
<status status="PASS" starttime="20191206 01:00:08.855" endtime="20191206 01:00:09.164"></status>
</kw>
<kw name="Set Selenium Timeout" library="Selenium2Library">
<doc>Sets the timeout that is used by various keywords.</doc>
<arguments>
<arg>10 seconds</arg>
</arguments>
<status status="PASS" starttime="20191206 01:00:09.165" endtime="20191206 01:00:09.174"></status>
</kw>
<status status="PASS" starttime="20191206 01:00:04.232" endtime="20191206 01:00:09.175"></status>
</kw>
<kw name="Login as Admin" library="admin_panel_keywords">
<kw name="Input Text" library="Selenium2Library">
<doc>Types the given ``text`` into the text field identified by ``locator``.</doc>
<arguments>
<arg>id:input-username</arg>
<arg>${USERNAME}</arg>
</arguments>
<msg timestamp="20191206 01:00:09.176" level="INFO">Typing text 'Realdeal87' into text field 'id:input-username'.</msg>
<status status="PASS" starttime="20191206 01:00:09.176" endtime="20191206 01:00:09.236"></status>
</kw>
<kw name="Input Text" library="Selenium2Library">
<doc>Types the given ``text`` into the text field identified by ``locator``.</doc>
<arguments>
<arg>id:input-password</arg>
<arg>${PASSWORD}</arg>
</arguments>
<msg timestamp="20191206 01:00:09.238" level="INFO">Typing text 'K1x9Z5b8!' into text field 'id:input-password'.</msg>
<status status="PASS" starttime="20191206 01:00:09.237" endtime="20191206 01:00:09.313"></status>
</kw>
<kw name="Click Button" library="Selenium2Library">
<doc>Clicks the button identified by ``locator``.</doc>
<arguments>
<arg>Login</arg>
</arguments>
<msg timestamp="20191206 01:00:09.313" level="INFO">Clicking button 'Login'.</msg>
<status status="PASS" starttime="20191206 01:00:09.313" endtime="20191206 01:00:09.884"></status>
</kw>
<status status="PASS" starttime="20191206 01:00:09.175" endtime="20191206 01:00:09.884"></status>
</kw>
<kw name="Go to Products" library="admin_panel_keywords">
<kw name="Click Link" library="Selenium2Library">
<doc>Clicks a link identified by ``locator``.</doc>
<arguments>
<arg>Catalog</arg>
</arguments>
<msg timestamp="20191206 01:00:09.885" level="INFO">Clicking link 'Catalog'.</msg>
<status status="PASS" starttime="20191206 01:00:09.885" endtime="20191206 01:00:10.241"></status>
</kw>
<kw name="Click Link" library="Selenium2Library">
<doc>Clicks a link identified by ``locator``.</doc>
<arguments>
<arg>Products</arg>
</arguments>
<msg timestamp="20191206 01:00:10.242" level="INFO">Clicking link 'Products'.</msg>
<status status="PASS" starttime="20191206 01:00:10.242" endtime="20191206 01:00:10.722"></status>
</kw>
<status status="PASS" starttime="20191206 01:00:09.885" endtime="20191206 01:00:10.722"></status>
</kw>
<kw name="Add a new product with required fields" library="admin_panel_keywords">
<arguments>
<arg>@{FIELDS}</arg>
</arguments>
<kw name="Click Link" library="Selenium2Library">
<doc>Clicks a link identified by ``locator``.</doc>
<arguments>
<arg>xpath://a[@data-original-title='Add New']</arg>
</arguments>
<msg timestamp="20191206 01:00:10.723" level="INFO">Clicking link 'xpath://a[@data-original-title='Add New']'.</msg>
<status status="PASS" starttime="20191206 01:00:10.723" endtime="20191206 01:00:11.589"></status>
</kw>
<kw name="Input Text" library="Selenium2Library">
<doc>Types the given ``text`` into the text field identified by ``locator``.</doc>
<arguments>
<arg>id:input-name1</arg>
<arg>@{FIELDS}[0]</arg>
</arguments>
<msg timestamp="20191206 01:00:11.589" level="INFO">Typing text 'Robot' into text field 'id:input-name1'.</msg>
<status status="PASS" starttime="20191206 01:00:11.589" endtime="20191206 01:00:11.673"></status>
</kw>
<kw name="Input Text" library="Selenium2Library">
<doc>Types the given ``text`` into the text field identified by ``locator``.</doc>
<arguments>
<arg>id:input-meta-title1</arg>
<arg>@{FIELDS}[1]</arg>
</arguments>
<msg timestamp="20191206 01:00:11.673" level="INFO">Typing text 'Framework' into text field 'id:input-meta-title1'.</msg>
<status status="PASS" starttime="20191206 01:00:11.673" endtime="20191206 01:00:11.750"></status>
</kw>
<kw name="Click Link" library="Selenium2Library">
<doc>Clicks a link identified by ``locator``.</doc>
<arguments>
<arg>link:Data</arg>
</arguments>
<msg timestamp="20191206 01:00:11.752" level="INFO">Clicking link 'link:Data'.</msg>
<status status="PASS" starttime="20191206 01:00:11.751" endtime="20191206 01:00:12.337"></status>
</kw>
<kw name="Input Text" library="Selenium2Library">
<doc>Types the given ``text`` into the text field identified by ``locator``.</doc>
<arguments>
<arg>id:input-model</arg>
<arg>@{FIELDS}[2]</arg>
</arguments>
<msg timestamp="20191206 01:00:12.338" level="INFO">Typing text 'BDD' into text field 'id:input-model'.</msg>
<status status="PASS" starttime="20191206 01:00:12.337" endtime="20191206 01:00:12.371"></status>
</kw>
<status status="PASS" starttime="20191206 01:00:10.722" endtime="20191206 01:00:12.372"></status>
</kw>
<kw name="Save changes" library="admin_panel_keywords">
<kw name="Click Button" library="Selenium2Library">
<doc>Clicks the button identified by ``locator``.</doc>
<arguments>
<arg>xpath://button[@data-original-title='Save']</arg>
</arguments>
<msg timestamp="20191206 01:00:12.373" level="INFO">Clicking button 'xpath://button[@data-original-title='Save']'.</msg>
<status status="PASS" starttime="20191206 01:00:12.373" endtime="20191206 01:00:12.864"></status>
</kw>
<status status="PASS" starttime="20191206 01:00:12.372" endtime="20191206 01:00:12.864"></status>
</kw>
<kw name="Waiting for alert success" library="admin_panel_keywords">
<kw name="Wait Until Page Contains" library="Selenium2Library">
<doc>Waits until ``text`` appears on the current page.</doc>
<arguments>
<arg>Success</arg>
</arguments>
<status status="PASS" starttime="20191206 01:00:12.864" endtime="20191206 01:00:12.875"></status>
</kw>
<status status="PASS" starttime="20191206 01:00:12.864" endtime="20191206 01:00:12.875"></status>
</kw>
<kw name="Teardown Test" library="admin_panel_keywords" type="teardown">
<kw name="Close Browser" library="Selenium2Library">
<doc>Closes the current browser.</doc>
<status status="PASS" starttime="20191206 01:00:12.875" endtime="20191206 01:00:14.695"></status>
</kw>
<status status="PASS" starttime="20191206 01:00:12.875" endtime="20191206 01:00:14.695"></status>
</kw>
<status status="PASS" starttime="20191206 01:00:04.231" endtime="20191206 01:00:14.695" critical="yes"></status>
</test>
<test id="s1-t2" name="Edit a product">
<kw name="Setup Test" library="admin_panel_keywords" type="setup">
<kw name="Open Browser" library="Selenium2Library">
<doc>Opens a new browser instance to the optional ``url``.</doc>
<arguments>
<arg>${URL}</arg>
<arg>${BROWSER}</arg>
</arguments>
<msg timestamp="20191206 01:00:14.698" level="INFO">Opening browser 'Firefox' to base url 'http://localhost/opencart/admin'.</msg>
<msg timestamp="20191206 01:00:14.698" level="INFO">Firefox driver log is always forced to to: /home/alex/IT/OTUS/Python_QA_Engineer/Opencart-Testing-Project/05_Robot/geckodriver-2.log</msg>
<status status="PASS" starttime="20191206 01:00:14.697" endtime="20191206 01:00:20.504"></status>
</kw>
<kw name="Maximize Browser Window" library="Selenium2Library">
<doc>Maximizes current browser window.</doc>
<status status="PASS" starttime="20191206 01:00:20.504" endtime="20191206 01:00:20.805"></status>
</kw>
<kw name="Set Selenium Timeout" library="Selenium2Library">
<doc>Sets the timeout that is used by various keywords.</doc>
<arguments>
<arg>10 seconds</arg>
</arguments>
<status status="PASS" starttime="20191206 01:00:20.805" endtime="20191206 01:00:20.813"></status>
</kw>
<status status="PASS" starttime="20191206 01:00:14.697" endtime="20191206 01:00:20.814"></status>
</kw>
<kw name="Login as Admin" library="admin_panel_keywords">
<kw name="Input Text" library="Selenium2Library">
<doc>Types the given ``text`` into the text field identified by ``locator``.</doc>
<arguments>
<arg>id:input-username</arg>
<arg>${USERNAME}</arg>
</arguments>
<msg timestamp="20191206 01:00:20.817" level="INFO">Typing text 'Realdeal87' into text field 'id:input-username'.</msg>
<status status="PASS" starttime="20191206 01:00:20.816" endtime="20191206 01:00:20.876"></status>
</kw>
<kw name="Input Text" library="Selenium2Library">
<doc>Types the given ``text`` into the text field identified by ``locator``.</doc>
<arguments>
<arg>id:input-password</arg>
<arg>${PASSWORD}</arg>
</arguments>
<msg timestamp="20191206 01:00:20.877" level="INFO">Typing text 'K1x9Z5b8!' into text field 'id:input-password'.</msg>
<status status="PASS" starttime="20191206 01:00:20.877" endtime="20191206 01:00:20.935"></status>
</kw>
<kw name="Click Button" library="Selenium2Library">
<doc>Clicks the button identified by ``locator``.</doc>
<arguments>
<arg>Login</arg>
</arguments>
<msg timestamp="20191206 01:00:20.936" level="INFO">Clicking button 'Login'.</msg>
<status status="PASS" starttime="20191206 01:00:20.935" endtime="20191206 01:00:21.528"></status>
</kw>
<status status="PASS" starttime="20191206 01:00:20.815" endtime="20191206 01:00:21.528"></status>
</kw>
<kw name="Go to Products" library="admin_panel_keywords">
<kw name="Click Link" library="Selenium2Library">
<doc>Clicks a link identified by ``locator``.</doc>
<arguments>
<arg>Catalog</arg>
</arguments>
<msg timestamp="20191206 01:00:21.529" level="INFO">Clicking link 'Catalog'.</msg>
<status status="PASS" starttime="20191206 01:00:21.529" endtime="20191206 01:00:21.897"></status>
</kw>
<kw name="Click Link" library="Selenium2Library">
<doc>Clicks a link identified by ``locator``.</doc>
<arguments>
<arg>Products</arg>
</arguments>
<msg timestamp="20191206 01:00:21.898" level="INFO">Clicking link 'Products'.</msg>
<status status="PASS" starttime="20191206 01:00:21.898" endtime="20191206 01:00:22.304"></status>
</kw>
<status status="PASS" starttime="20191206 01:00:21.529" endtime="20191206 01:00:22.304"></status>
</kw>
<kw name="Edit a product number" library="admin_panel_keywords">
<arguments>
<arg>5</arg>
</arguments>
<kw name="Evaluate" library="BuiltIn">
<doc>Evaluates the given expression in Python and returns the results.</doc>
<arguments>
<arg>${NUMBER} - 1</arg>
</arguments>
<assign>
<var>${NUMBER}</var>
</assign>
<msg timestamp="20191206 01:00:22.306" level="INFO">${NUMBER} = 4</msg>
<status status="PASS" starttime="20191206 01:00:22.305" endtime="20191206 01:00:22.306"></status>
</kw>
<kw name="Get WebElements" library="Selenium2Library">
<doc>Returns a list of WebElement objects matching the ``locator``.</doc>
<arguments>
<arg>xpath://a[@data-original-title='Edit']</arg>
</arguments>
<assign>
<var>@{ELEMENTS}</var>
</assign>
<msg timestamp="20191206 01:00:22.340" level="INFO">@{ELEMENTS} = [ &lt;selenium.webdriver.firefox.webelement.FirefoxWebElement (session="7535215a-fb7e-49f2-b299-b52e578a664e", element="3c477fd7-1669-4f92-8468-d88f62c6032e")&gt; | &lt;selenium.webdriver.firefox.webelement.Fi...</msg>
<status status="PASS" starttime="20191206 01:00:22.306" endtime="20191206 01:00:22.340"></status>
</kw>
<kw name="Click Link" library="Selenium2Library">
<doc>Clicks a link identified by ``locator``.</doc>
<arguments>
<arg>@{ELEMENTS}[${NUMBER}]</arg>
</arguments>
<msg timestamp="20191206 01:00:22.340" level="INFO">Clicking link '&lt;selenium.webdriver.firefox.webelement.FirefoxWebElement (session="7535215a-fb7e-49f2-b299-b52e578a664e", element="6d2a3ba3-3459-4b79-b9ff-e2706f3cabcd")&gt;'.</msg>
<status status="PASS" starttime="20191206 01:00:22.340" endtime="20191206 01:00:23.208"></status>
</kw>
<status status="PASS" starttime="20191206 01:00:22.305" endtime="20191206 01:00:23.208"></status>
</kw>
<kw name="Add description" library="admin_panel_keywords">
<arguments>
<arg>${DESCRIPTION}</arg>
</arguments>
<kw name="Input Text" library="Selenium2Library">
<doc>Types the given ``text`` into the text field identified by ``locator``.</doc>
<arguments>
<arg>class:note-editable</arg>
<arg>${DESCRIPTION}</arg>
</arguments>
<msg timestamp="20191206 01:00:23.209" level="INFO">Typing text 'Just a description!' into text field 'class:note-editable'.</msg>
<status status="PASS" starttime="20191206 01:00:23.209" endtime="20191206 01:00:23.373"></status>
</kw>
<status status="PASS" starttime="20191206 01:00:23.208" endtime="20191206 01:00:23.373"></status>
</kw>
<kw name="Save changes" library="admin_panel_keywords">
<kw name="Click Button" library="Selenium2Library">
<doc>Clicks the button identified by ``locator``.</doc>
<arguments>
<arg>xpath://button[@data-original-title='Save']</arg>
</arguments>
<msg timestamp="20191206 01:00:23.374" level="INFO">Clicking button 'xpath://button[@data-original-title='Save']'.</msg>
<status status="PASS" starttime="20191206 01:00:23.374" endtime="20191206 01:00:23.882"></status>
</kw>
<status status="PASS" starttime="20191206 01:00:23.374" endtime="20191206 01:00:23.882"></status>
</kw>
<kw name="Waiting for alert success" library="admin_panel_keywords">
<kw name="Wait Until Page Contains" library="Selenium2Library">
<doc>Waits until ``text`` appears on the current page.</doc>
<arguments>
<arg>Success</arg>
</arguments>
<status status="PASS" starttime="20191206 01:00:23.883" endtime="20191206 01:00:23.897"></status>
</kw>
<status status="PASS" starttime="20191206 01:00:23.882" endtime="20191206 01:00:23.897"></status>
</kw>
<kw name="Teardown Test" library="admin_panel_keywords" type="teardown">
<kw name="Close Browser" library="Selenium2Library">
<doc>Closes the current browser.</doc>
<status status="PASS" starttime="20191206 01:00:23.898" endtime="20191206 01:00:25.914"></status>
</kw>
<status status="PASS" starttime="20191206 01:00:23.897" endtime="20191206 01:00:25.914"></status>
</kw>
<status status="PASS" starttime="20191206 01:00:14.696" endtime="20191206 01:00:25.914" critical="yes"></status>
</test>
<test id="s1-t3" name="Delete a product">
<kw name="Setup Test" library="admin_panel_keywords" type="setup">
<kw name="Open Browser" library="Selenium2Library">
<doc>Opens a new browser instance to the optional ``url``.</doc>
<arguments>
<arg>${URL}</arg>
<arg>${BROWSER}</arg>
</arguments>
<msg timestamp="20191206 01:00:25.917" level="INFO">Opening browser 'Firefox' to base url 'http://localhost/opencart/admin'.</msg>
<msg timestamp="20191206 01:00:25.917" level="INFO">Firefox driver log is always forced to to: /home/alex/IT/OTUS/Python_QA_Engineer/Opencart-Testing-Project/05_Robot/geckodriver-3.log</msg>
<status status="PASS" starttime="20191206 01:00:25.916" endtime="20191206 01:00:30.485"></status>
</kw>
<kw name="Maximize Browser Window" library="Selenium2Library">
<doc>Maximizes current browser window.</doc>
<status status="PASS" starttime="20191206 01:00:30.485" endtime="20191206 01:00:30.771"></status>
</kw>
<kw name="Set Selenium Timeout" library="Selenium2Library">
<doc>Sets the timeout that is used by various keywords.</doc>
<arguments>
<arg>10 seconds</arg>
</arguments>
<status status="PASS" starttime="20191206 01:00:30.771" endtime="20191206 01:00:30.780"></status>
</kw>
<status status="PASS" starttime="20191206 01:00:25.916" endtime="20191206 01:00:30.780"></status>
</kw>
<kw name="Login as Admin" library="admin_panel_keywords">
<kw name="Input Text" library="Selenium2Library">
<doc>Types the given ``text`` into the text field identified by ``locator``.</doc>
<arguments>
<arg>id:input-username</arg>
<arg>${USERNAME}</arg>
</arguments>
<msg timestamp="20191206 01:00:30.781" level="INFO">Typing text 'Realdeal87' into text field 'id:input-username'.</msg>
<status status="PASS" starttime="20191206 01:00:30.781" endtime="20191206 01:00:30.860"></status>
</kw>
<kw name="Input Text" library="Selenium2Library">
<doc>Types the given ``text`` into the text field identified by ``locator``.</doc>
<arguments>
<arg>id:input-password</arg>
<arg>${PASSWORD}</arg>
</arguments>
<msg timestamp="20191206 01:00:30.862" level="INFO">Typing text 'K1x9Z5b8!' into text field 'id:input-password'.</msg>
<status status="PASS" starttime="20191206 01:00:30.861" endtime="20191206 01:00:30.922"></status>
</kw>
<kw name="Click Button" library="Selenium2Library">
<doc>Clicks the button identified by ``locator``.</doc>
<arguments>
<arg>Login</arg>
</arguments>
<msg timestamp="20191206 01:00:30.923" level="INFO">Clicking button 'Login'.</msg>
<status status="PASS" starttime="20191206 01:00:30.923" endtime="20191206 01:00:31.504"></status>
</kw>
<status status="PASS" starttime="20191206 01:00:30.780" endtime="20191206 01:00:31.505"></status>
</kw>
<kw name="Go to Products" library="admin_panel_keywords">
<kw name="Click Link" library="Selenium2Library">
<doc>Clicks a link identified by ``locator``.</doc>
<arguments>
<arg>Catalog</arg>
</arguments>
<msg timestamp="20191206 01:00:31.509" level="INFO">Clicking link 'Catalog'.</msg>
<status status="PASS" starttime="20191206 01:00:31.509" endtime="20191206 01:00:31.910"></status>
</kw>
<kw name="Click Link" library="Selenium2Library">
<doc>Clicks a link identified by ``locator``.</doc>
<arguments>
<arg>Products</arg>
</arguments>
<msg timestamp="20191206 01:00:31.910" level="INFO">Clicking link 'Products'.</msg>
<status status="PASS" starttime="20191206 01:00:31.910" endtime="20191206 01:00:32.533"></status>
</kw>
<status status="PASS" starttime="20191206 01:00:31.509" endtime="20191206 01:00:32.533"></status>
</kw>
<kw name="Select a product number" library="admin_panel_keywords">
<arguments>
<arg>3</arg>
</arguments>
<kw name="Evaluate" library="BuiltIn">
<doc>Evaluates the given expression in Python and returns the results.</doc>
<arguments>
<arg>${NUMBER} - 1</arg>
</arguments>
<assign>
<var>${NUMBER}</var>
</assign>
<msg timestamp="20191206 01:00:32.534" level="INFO">${NUMBER} = 2</msg>
<status status="PASS" starttime="20191206 01:00:32.534" endtime="20191206 01:00:32.534"></status>
</kw>
<kw name="Get WebElements" library="Selenium2Library">
<doc>Returns a list of WebElement objects matching the ``locator``.</doc>
<arguments>
<arg>xpath://input[@name='selected[]']</arg>
</arguments>
<assign>
<var>@{ELEMENTS}</var>
</assign>
<msg timestamp="20191206 01:00:32.557" level="INFO">@{ELEMENTS} = [ &lt;selenium.webdriver.firefox.webelement.FirefoxWebElement (session="d6596aa5-12b6-4f29-bf8c-93a35749b5bd", element="9c2b38da-e921-497a-93b8-3d68d6bfe548")&gt; | &lt;selenium.webdriver.firefox.webelement.Fi...</msg>
<status status="PASS" starttime="20191206 01:00:32.534" endtime="20191206 01:00:32.557"></status>
</kw>
<kw name="Select Checkbox" library="Selenium2Library">
<doc>Selects the checkbox identified by ``locator``.</doc>
<arguments>
<arg>@{ELEMENTS}[${NUMBER}]</arg>
</arguments>
<msg timestamp="20191206 01:00:32.557" level="INFO">Selecting checkbox '&lt;selenium.webdriver.firefox.webelement.FirefoxWebElement (session="d6596aa5-12b6-4f29-bf8c-93a35749b5bd", element="835ee164-0e45-4bed-a30e-82e75be88757")&gt;'.</msg>
<status status="PASS" starttime="20191206 01:00:32.557" endtime="20191206 01:00:32.799"></status>
</kw>
<status status="PASS" starttime="20191206 01:00:32.533" endtime="20191206 01:00:32.800"></status>
</kw>
<kw name="Delete a product" library="admin_panel_keywords">
<kw name="Click Button" library="Selenium2Library">
<doc>Clicks the button identified by ``locator``.</doc>
<arguments>
<arg>xpath://button[@data-original-title='Delete']</arg>
</arguments>
<msg timestamp="20191206 01:00:32.802" level="INFO">Clicking button 'xpath://button[@data-original-title='Delete']'.</msg>
<status status="PASS" starttime="20191206 01:00:32.802" endtime="20191206 01:00:32.926"></status>
</kw>
<status status="PASS" starttime="20191206 01:00:32.801" endtime="20191206 01:00:32.926"></status>
</kw>
<kw name="Confirm action" library="admin_panel_keywords">
<kw name="Handle Alert" library="Selenium2Library">
<doc>Handles the current alert and returns its message.</doc>
<status status="PASS" starttime="20191206 01:00:32.927" endtime="20191206 01:00:32.962"></status>
</kw>
<status status="PASS" starttime="20191206 01:00:32.927" endtime="20191206 01:00:32.962"></status>
</kw>
<kw name="Waiting for alert success" library="admin_panel_keywords">
<kw name="Wait Until Page Contains" library="Selenium2Library">
<doc>Waits until ``text`` appears on the current page.</doc>
<arguments>
<arg>Success</arg>
</arguments>
<status status="PASS" starttime="20191206 01:00:32.963" endtime="20191206 01:00:33.438"></status>
</kw>
<status status="PASS" starttime="20191206 01:00:32.962" endtime="20191206 01:00:33.438"></status>
</kw>
<kw name="Teardown Test" library="admin_panel_keywords" type="teardown">
<kw name="Close Browser" library="Selenium2Library">
<doc>Closes the current browser.</doc>
<status status="PASS" starttime="20191206 01:00:33.439" endtime="20191206 01:00:35.345"></status>
</kw>
<status status="PASS" starttime="20191206 01:00:33.438" endtime="20191206 01:00:35.345"></status>
</kw>
<status status="PASS" starttime="20191206 01:00:25.915" endtime="20191206 01:00:35.345" critical="yes"></status>
</test>
<test id="s1-t4" name="Copy a product">
<kw name="Setup Test" library="admin_panel_keywords" type="setup">
<kw name="Open Browser" library="Selenium2Library">
<doc>Opens a new browser instance to the optional ``url``.</doc>
<arguments>
<arg>${URL}</arg>
<arg>${BROWSER}</arg>
</arguments>
<msg timestamp="20191206 01:00:35.347" level="INFO">Opening browser 'Firefox' to base url 'http://localhost/opencart/admin'.</msg>
<msg timestamp="20191206 01:00:35.348" level="INFO">Firefox driver log is always forced to to: /home/alex/IT/OTUS/Python_QA_Engineer/Opencart-Testing-Project/05_Robot/geckodriver-4.log</msg>
<status status="PASS" starttime="20191206 01:00:35.347" endtime="20191206 01:00:40.514"></status>
</kw>
<kw name="Maximize Browser Window" library="Selenium2Library">
<doc>Maximizes current browser window.</doc>
<status status="PASS" starttime="20191206 01:00:40.515" endtime="20191206 01:00:40.802"></status>
</kw>
<kw name="Set Selenium Timeout" library="Selenium2Library">
<doc>Sets the timeout that is used by various keywords.</doc>
<arguments>
<arg>10 seconds</arg>
</arguments>
<status status="PASS" starttime="20191206 01:00:40.803" endtime="20191206 01:00:40.810"></status>
</kw>
<status status="PASS" starttime="20191206 01:00:35.346" endtime="20191206 01:00:40.811"></status>
</kw>
<kw name="Login as Admin" library="admin_panel_keywords">
<kw name="Input Text" library="Selenium2Library">
<doc>Types the given ``text`` into the text field identified by ``locator``.</doc>
<arguments>
<arg>id:input-username</arg>
<arg>${USERNAME}</arg>
</arguments>
<msg timestamp="20191206 01:00:40.812" level="INFO">Typing text 'Realdeal87' into text field 'id:input-username'.</msg>
<status status="PASS" starttime="20191206 01:00:40.812" endtime="20191206 01:00:40.886"></status>
</kw>
<kw name="Input Text" library="Selenium2Library">
<doc>Types the given ``text`` into the text field identified by ``locator``.</doc>
<arguments>
<arg>id:input-password</arg>
<arg>${PASSWORD}</arg>
</arguments>
<msg timestamp="20191206 01:00:40.888" level="INFO">Typing text 'K1x9Z5b8!' into text field 'id:input-password'.</msg>
<status status="PASS" starttime="20191206 01:00:40.887" endtime="20191206 01:00:40.942"></status>
</kw>
<kw name="Click Button" library="Selenium2Library">
<doc>Clicks the button identified by ``locator``.</doc>
<arguments>
<arg>Login</arg>
</arguments>
<msg timestamp="20191206 01:00:40.943" level="INFO">Clicking button 'Login'.</msg>
<status status="PASS" starttime="20191206 01:00:40.942" endtime="20191206 01:00:41.555"></status>
</kw>
<status status="PASS" starttime="20191206 01:00:40.811" endtime="20191206 01:00:41.555"></status>
</kw>
<kw name="Go to Products" library="admin_panel_keywords">
<kw name="Click Link" library="Selenium2Library">
<doc>Clicks a link identified by ``locator``.</doc>
<arguments>
<arg>Catalog</arg>
</arguments>
<msg timestamp="20191206 01:00:41.556" level="INFO">Clicking link 'Catalog'.</msg>
<status status="PASS" starttime="20191206 01:00:41.556" endtime="20191206 01:00:41.927"></status>
</kw>
<kw name="Click Link" library="Selenium2Library">
<doc>Clicks a link identified by ``locator``.</doc>
<arguments>
<arg>Products</arg>
</arguments>
<msg timestamp="20191206 01:00:41.928" level="INFO">Clicking link 'Products'.</msg>
<status status="PASS" starttime="20191206 01:00:41.928" endtime="20191206 01:00:42.393"></status>
</kw>
<status status="PASS" starttime="20191206 01:00:41.556" endtime="20191206 01:00:42.393"></status>
</kw>
<kw name="Select a product number" library="admin_panel_keywords">
<arguments>
<arg>2</arg>
</arguments>
<kw name="Evaluate" library="BuiltIn">
<doc>Evaluates the given expression in Python and returns the results.</doc>
<arguments>
<arg>${NUMBER} - 1</arg>
</arguments>
<assign>
<var>${NUMBER}</var>
</assign>
<msg timestamp="20191206 01:00:42.398" level="INFO">${NUMBER} = 1</msg>
<status status="PASS" starttime="20191206 01:00:42.397" endtime="20191206 01:00:42.398"></status>
</kw>
<kw name="Get WebElements" library="Selenium2Library">
<doc>Returns a list of WebElement objects matching the ``locator``.</doc>
<arguments>
<arg>xpath://input[@name='selected[]']</arg>
</arguments>
<assign>
<var>@{ELEMENTS}</var>
</assign>
<msg timestamp="20191206 01:00:42.415" level="INFO">@{ELEMENTS} = [ &lt;selenium.webdriver.firefox.webelement.FirefoxWebElement (session="7948b34f-9626-411f-8f05-671d5f7902a2", element="8c847b4b-26ac-4275-8345-b832ffa99071")&gt; | &lt;selenium.webdriver.firefox.webelement.Fi...</msg>
<status status="PASS" starttime="20191206 01:00:42.398" endtime="20191206 01:00:42.415"></status>
</kw>
<kw name="Select Checkbox" library="Selenium2Library">
<doc>Selects the checkbox identified by ``locator``.</doc>
<arguments>
<arg>@{ELEMENTS}[${NUMBER}]</arg>
</arguments>
<msg timestamp="20191206 01:00:42.415" level="INFO">Selecting checkbox '&lt;selenium.webdriver.firefox.webelement.FirefoxWebElement (session="7948b34f-9626-411f-8f05-671d5f7902a2", element="00988a9f-879b-4c6f-ba1c-c46e50573ec4")&gt;'.</msg>
<status status="PASS" starttime="20191206 01:00:42.415" endtime="20191206 01:00:42.667"></status>
</kw>
<status status="PASS" starttime="20191206 01:00:42.394" endtime="20191206 01:00:42.668"></status>
</kw>
<kw name="Copy a product" library="admin_panel_keywords">
<kw name="Click Button" library="Selenium2Library">
<doc>Clicks the button identified by ``locator``.</doc>
<arguments>
<arg>xpath://button[@data-original-title='Copy']</arg>
</arguments>
<msg timestamp="20191206 01:00:42.670" level="INFO">Clicking button 'xpath://button[@data-original-title='Copy']'.</msg>
<status status="PASS" starttime="20191206 01:00:42.669" endtime="20191206 01:00:43.158"></status>
</kw>
<status status="PASS" starttime="20191206 01:00:42.668" endtime="20191206 01:00:43.158"></status>
</kw>
<kw name="Waiting for alert success" library="admin_panel_keywords">
<kw name="Wait Until Page Contains" library="Selenium2Library">
<doc>Waits until ``text`` appears on the current page.</doc>
<arguments>
<arg>Success</arg>
</arguments>
<status status="PASS" starttime="20191206 01:00:43.159" endtime="20191206 01:00:43.172"></status>
</kw>
<status status="PASS" starttime="20191206 01:00:43.159" endtime="20191206 01:00:43.172"></status>
</kw>
<kw name="Teardown Test" library="admin_panel_keywords" type="teardown">
<kw name="Close Browser" library="Selenium2Library">
<doc>Closes the current browser.</doc>
<status status="PASS" starttime="20191206 01:00:43.173" endtime="20191206 01:00:45.110"></status>
</kw>
<status status="PASS" starttime="20191206 01:00:43.172" endtime="20191206 01:00:45.111"></status>
</kw>
<status status="PASS" starttime="20191206 01:00:35.346" endtime="20191206 01:00:45.111" critical="yes"></status>
</test>
<doc>Тесты для панели администратора на Robotframework</doc>
<status status="PASS" starttime="20191206 01:00:04.102" endtime="20191206 01:00:45.115"></status>
</suite>
<statistics>
<total>
<stat pass="4" fail="0">Critical Tests</stat>
<stat pass="4" fail="0">All Tests</stat>
</total>
<tag>
</tag>
<suite>
<stat pass="4" fail="0" id="s1" name="Test Admin Panel">Test Admin Panel</stat>
</suite>
</statistics>
<errors>
</errors>
</robot>
